2026-03-25 15:33:31 | INFO | Device: cuda
2026-03-25 15:33:31 | INFO | Threads: 8
2026-03-25 15:33:31 | INFO | Random state: 42
2026-03-25 15:33:31 | INFO | Output dir: ../runs/train_last_n_pooling_demo/v3/2026-03-25/15-33-31
2026-03-25 15:33:31 | INFO | History pooling: mean
2026-03-25 15:33:31 | INFO | History windows: [3, 10, 30, 100]
2026-03-25 15:33:31 | INFO | Future windows: [3, 10, 30, 100]
2026-03-25 15:33:31 | INFO | Use future branches: True
2026-03-25 15:33:31 | INFO | Future max hours: 24.0000
2026-03-25 15:33:31 | INFO | Future branch weight: 0.5000
2026-03-25 15:33:31 | INFO | Use label history: True
2026-03-25 15:33:31 | INFO | Multitask config | aux_suspicious=0.5000 aux_ry=0.5000 inference_blend=0.0000
2026-03-25 15:33:31 | INFO | Session config | use_session_branch=True session_branch_weight=0.5000
2026-03-25 15:33:31 | INFO | Model config: {'history_windows': [3, 10, 30, 100], 'future_windows': [3, 10, 30, 100], 'all_num_cols': ['amount_log', 'amount_missing', 'battery_value', 'battery_available', 'battery_neg', 'device_version_norm', 'device_parts_norm', 'screen1_norm', 'screen2_norm', 'session_present', 'delta_time_log', 'hour_sin', 'hour_cos', 'dow_sin', 'dow_cos', 'is_weekend', 'accept_lang_missing', 'browser_language_known', 'operating_system_type_known', 'developer_tools_known', 'phone_voip_call_state_known', 'web_rdp_connection_known', 'compromised_known', 'device_version_known', 'screen_known', 'accept_lang_primary_known', 'telemetry_available_any', 'lh_prev_yellow_count_log', 'lh_prev_red_count_log', 'lh_since_last_yellow_log', 'lh_since_last_red_log', 'lh_prev_suspicious_count_log', 'lh_since_last_suspicious_log'], 'hidden_dim': 128, 'event_dim': 32, 'dropout': 0.15, 'multitask_inference_blend': 0.0, 'use_session_branch': True, 'session_branch_weight': 0.5, 'one_hot_max_cardinality': 32, 'stable_cat_cols': ['event_desc', 'event_type_nm', 'channel_indicator_type', 'channel_indicator_sub_type', 'mcc_code', 'pos_cd', 'currency_iso_cd', 'timezone'], 'telemetry_cat_cols': ['browser_language', 'operating_system_type', 'developer_tools', 'phone_voip_call_state', 'web_rdp_connection', 'compromised', 'accept_lang_primary'], 'stable_num_cols': ['amount_log', 'amount_missing', 'delta_time_log', 'hour_sin', 'hour_cos', 'dow_sin', 'dow_cos', 'is_weekend'], 'telemetry_num_cols': ['battery_value', 'battery_available', 'battery_neg', 'device_version_norm', 'device_parts_norm', 'screen1_norm', 'screen2_norm', 'session_present', 'accept_lang_missing', 'browser_language_known', 'operating_system_type_known', 'developer_tools_known', 'phone_voip_call_state_known', 'web_rdp_connection_known', 'compromised_known', 'device_version_known', 'screen_known', 'accept_lang_primary_known', 'telemetry_available_any'], 'label_history_num_cols': ['lh_prev_yellow_count_log', 'lh_prev_red_count_log', 'lh_since_last_yellow_log', 'lh_since_last_red_log', 'lh_prev_suspicious_count_log', 'lh_since_last_suspicious_log'], 'use_future_branches': True, 'future_max_hours': 24.0, 'future_branch_weight': 0.5}
2026-03-25 15:33:31 | INFO | Loading parquet with polars: ../data/datasets/full.parquet
2026-03-25 15:33:31 | INFO | Assumption: input is sorted by customer_id, event_dttm.
2026-03-25 15:33:31 | INFO | Active categorical columns: ['event_desc', 'event_type_nm', 'channel_indicator_type', 'channel_indicator_sub_type', 'mcc_code', 'pos_cd', 'currency_iso_cd', 'browser_language', 'timezone', 'operating_system_type', 'developer_tools', 'phone_voip_call_state', 'web_rdp_connection', 'compromised', 'accept_lang_primary']
2026-03-25 15:33:31 | INFO | Active numerical columns: ['amount_log', 'amount_missing', 'battery_value', 'battery_available', 'battery_neg', 'device_version_norm', 'device_parts_norm', 'screen1_norm', 'screen2_norm', 'session_present', 'delta_time_log', 'hour_sin', 'hour_cos', 'dow_sin', 'dow_cos', 'is_weekend', 'accept_lang_missing', 'browser_language_known', 'operating_system_type_known', 'developer_tools_known', 'phone_voip_call_state_known', 'web_rdp_connection_known', 'compromised_known', 'device_version_known', 'screen_known', 'accept_lang_primary_known', 'telemetry_available_any', 'lh_prev_yellow_count_log', 'lh_prev_red_count_log', 'lh_since_last_yellow_log', 'lh_since_last_red_log', 'lh_prev_suspicious_count_log', 'lh_since_last_suspicious_log']
2026-03-25 15:34:01 | INFO | Loaded dataframe shape: (191310790, 48)
2026-03-25 15:34:01 | INFO | Dataset overview:
shape: (4, 7)
┌─────────┬──────────┬───────┬────────┬──────────┬──────────────────────────────┬──────────────────────┐
│ dataset ┆ rows     ┆ red   ┆ yellow ┆ green    ┆ telemetry_available_any_rate ┆ session_present_rate │
│ ---     ┆ ---      ┆ ---   ┆ ---    ┆ ---      ┆ ---                          ┆ ---                  │
│ u8      ┆ u32      ┆ u32   ┆ u32    ┆ u32      ┆ f32                          ┆ f32                  │
╞═════════╪══════════╪═══════╪════════╪══════════╪══════════════════════════════╪══════════════════════╡
│ 0       ┆ 90939957 ┆ 0     ┆ 0      ┆ 0        ┆ 0.161994                     ┆ 0.0                  │
│ 1       ┆ 85677840 ┆ 51438 ┆ 36076  ┆ 85590326 ┆ 0.642888                     ┆ 0.600908             │
│ 2       ┆ 14059310 ┆ 0     ┆ 0      ┆ 0        ┆ 0.675831                     ┆ 0.639047             │
│ 3       ┆ 633683   ┆ 0     ┆ 0      ┆ 0        ┆ 0.707092                     ┆ 0.663524             │
└─────────┴──────────┴───────┴────────┴──────────┴──────────────────────────────┴──────────────────────┘
2026-03-25 15:34:23 | INFO | Global materializing no-lag causal label-history features ...
2026-03-25 15:34:25 | INFO | Global label-history progress: processed 10000 customers / 100000
2026-03-25 15:34:26 | INFO | Global label-history progress: processed 20000 customers / 100000
2026-03-25 15:34:27 | INFO | Global label-history progress: processed 30000 customers / 100000
2026-03-25 15:34:28 | INFO | Global label-history progress: processed 40000 customers / 100000
2026-03-25 15:34:28 | INFO | Global label-history progress: processed 50000 customers / 100000
2026-03-25 15:34:29 | INFO | Global label-history progress: processed 60000 customers / 100000
2026-03-25 15:34:30 | INFO | Global label-history progress: processed 70000 customers / 100000
2026-03-25 15:34:31 | INFO | Global label-history progress: processed 80000 customers / 100000
2026-03-25 15:34:32 | INFO | Global label-history progress: processed 90000 customers / 100000
2026-03-25 15:34:35 | INFO | Building segments with last_n=128, max_pred_seq_len=256 ...
2026-03-25 15:34:37 | INFO | Built 797128 segments
2026-03-25 15:34:37 | INFO | CV mode=sliding | folds=5
2026-03-25 15:34:37 | INFO | Fold IDs: [0, 1, 2, 3, 4]
2026-03-25 15:35:54 | INFO | Fold 0 category encoding built on visible history rows=122549496
2026-03-25 15:35:54 | INFO | Fold 0 cat=event_desc | raw_dtype=uint8 | mode=embedding | fit_unique=133 | non_padding_card=134 | total_card=135 | unk_rate_all=0.004245
2026-03-25 15:35:54 | INFO | Fold 0 cat=event_type_nm | raw_dtype=uint8 | mode=one_hot | fit_unique=17 | non_padding_card=18 | total_card=19 | unk_rate_all=0.000000
2026-03-25 15:35:54 | INFO | Fold 0 cat=channel_indicator_type | raw_dtype=uint8 | mode=one_hot | fit_unique=7 | non_padding_card=8 | total_card=9 | unk_rate_all=0.000003
2026-03-25 15:35:54 | INFO | Fold 0 cat=channel_indicator_sub_type | raw_dtype=uint8 | mode=one_hot | fit_unique=20 | non_padding_card=21 | total_card=22 | unk_rate_all=0.004118
2026-03-25 15:35:54 | INFO | Fold 0 cat=mcc_code | raw_dtype=uint8 | mode=one_hot | fit_unique=21 | non_padding_card=22 | total_card=23 | unk_rate_all=0.000000
2026-03-25 15:35:54 | INFO | Fold 0 cat=pos_cd | raw_dtype=uint8 | mode=one_hot | fit_unique=29 | non_padding_card=30 | total_card=31 | unk_rate_all=0.000000
2026-03-25 15:35:54 | INFO | Fold 0 cat=currency_iso_cd | raw_dtype=uint8 | mode=one_hot | fit_unique=25 | non_padding_card=26 | total_card=27 | unk_rate_all=0.000000
2026-03-25 15:35:54 | INFO | Fold 0 cat=browser_language | raw_dtype=uint8 | mode=one_hot | fit_unique=3 | non_padding_card=4 | total_card=5 | unk_rate_all=0.000000
2026-03-25 15:35:54 | INFO | Fold 0 cat=timezone | raw_dtype=uint16 | mode=embedding | fit_unique=8286 | non_padding_card=8287 | total_card=8288 | unk_rate_all=0.000000
2026-03-25 15:35:54 | INFO | Fold 0 cat=operating_system_type | raw_dtype=uint8 | mode=one_hot | fit_unique=12 | non_padding_card=13 | total_card=14 | unk_rate_all=0.000000
2026-03-25 15:35:54 | INFO | Fold 0 cat=developer_tools | raw_dtype=uint8 | mode=one_hot | fit_unique=3 | non_padding_card=4 | total_card=5 | unk_rate_all=0.000000
2026-03-25 15:35:54 | INFO | Fold 0 cat=phone_voip_call_state | raw_dtype=uint8 | mode=one_hot | fit_unique=3 | non_padding_card=4 | total_card=5 | unk_rate_all=0.000000
2026-03-25 15:35:54 | INFO | Fold 0 cat=web_rdp_connection | raw_dtype=uint8 | mode=one_hot | fit_unique=3 | non_padding_card=4 | total_card=5 | unk_rate_all=0.000000
2026-03-25 15:35:54 | INFO | Fold 0 cat=compromised | raw_dtype=uint8 | mode=one_hot | fit_unique=4 | non_padding_card=5 | total_card=6 | unk_rate_all=0.000000
2026-03-25 15:35:54 | INFO | Fold 0 cat=accept_lang_primary | raw_dtype=uint64 | mode=embedding | fit_unique=63 | non_padding_card=64 | total_card=65 | unk_rate_all=0.000000
2026-03-25 15:35:57 | INFO | Fold 0 | train_rows=1609589 eval_rows=9112660 es_rows=465468 | train_red=21156 train_yellow=9245 train_suspicious=30401 | epochs=50 early_stopping=True
2026-03-25 15:37:19 | INFO | Fold 0 | epoch 1 | total_loss=1.334775 | red_loss=0.708006 | suspicious_loss=0.847667 | ry_loss=0.391262 | train_final_ap=skip | train_red_ap=skip | train_suspicious_ap=skip | train_ry_ap=skip | es_final_ap=0.507952 | es_red_ap=0.507952 | es_suspicious_ap=0.410138 | es_ry_ap=0.962080
2026-03-25 15:38:40 | INFO | Fold 0 | epoch 2 | total_loss=1.069507 | red_loss=0.556405 | suspicious_loss=0.711522 | ry_loss=0.302344 | train_final_ap=skip | train_red_ap=skip | train_suspicious_ap=skip | train_ry_ap=skip | es_final_ap=0.550786 | es_red_ap=0.550786 | es_suspicious_ap=0.447925 | es_ry_ap=0.967296
2026-03-25 15:40:45 | INFO | Fold 0 | epoch 3 | total_loss=1.011105 | red_loss=0.520501 | suspicious_loss=0.677718 | ry_loss=0.289183 | train_final_ap=0.583624 | train_red_ap=0.583624 | train_suspicious_ap=0.502745 | train_ry_ap=0.975811 | es_final_ap=0.561674 | es_red_ap=0.561674 | es_suspicious_ap=0.468421 | es_ry_ap=0.968080
2026-03-25 15:42:07 | INFO | Fold 0 | epoch 4 | total_loss=0.978651 | red_loss=0.504206 | suspicious_loss=0.662454 | ry_loss=0.276453 | train_final_ap=skip | train_red_ap=skip | train_suspicious_ap=skip | train_ry_ap=skip | es_final_ap=0.563755 | es_red_ap=0.563755 | es_suspicious_ap=0.475946 | es_ry_ap=0.969733
2026-03-25 15:43:29 | INFO | Fold 0 | epoch 5 | total_loss=0.950279 | red_loss=0.486600 | suspicious_loss=0.644347 | ry_loss=0.268840 | train_final_ap=skip | train_red_ap=skip | train_suspicious_ap=skip | train_ry_ap=skip | es_final_ap=0.575359 | es_red_ap=0.575359 | es_suspicious_ap=0.488255 | es_ry_ap=0.972349
2026-03-25 15:45:33 | INFO | Fold 0 | epoch 6 | total_loss=0.928474 | red_loss=0.474811 | suspicious_loss=0.634034 | ry_loss=0.261125 | train_final_ap=0.602452 | train_red_ap=0.602452 | train_suspicious_ap=0.525950 | train_ry_ap=0.980734 | es_final_ap=0.577410 | es_red_ap=0.577410 | es_suspicious_ap=0.492869 | es_ry_ap=0.972238
2026-03-25 15:46:55 | INFO | Fold 0 | epoch 7 | total_loss=0.910641 | red_loss=0.464851 | suspicious_loss=0.625572 | ry_loss=0.256133 | train_final_ap=skip | train_red_ap=skip | train_suspicious_ap=skip | train_ry_ap=skip | es_final_ap=0.580063 | es_red_ap=0.580063 | es_suspicious_ap=0.496094 | es_ry_ap=0.972512
2026-03-25 15:48:17 | INFO | Fold 0 | epoch 8 | total_loss=0.894562 | red_loss=0.456125 | suspicious_loss=0.617845 | ry_loss=0.248855 | train_final_ap=skip | train_red_ap=skip | train_suspicious_ap=skip | train_ry_ap=skip | es_final_ap=0.591950 | es_red_ap=0.591950 | es_suspicious_ap=0.498856 | es_ry_ap=0.975479
2026-03-25 15:50:21 | INFO | Fold 0 | epoch 9 | total_loss=0.878184 | red_loss=0.448168 | suspicious_loss=0.609930 | ry_loss=0.241207 | train_final_ap=0.620038 | train_red_ap=0.620038 | train_suspicious_ap=0.537379 | train_ry_ap=0.984071 | es_final_ap=0.589599 | es_red_ap=0.589599 | es_suspicious_ap=0.502149 | es_ry_ap=0.974821
2026-03-25 15:51:43 | INFO | Fold 0 | epoch 10 | total_loss=0.869380 | red_loss=0.442873 | suspicious_loss=0.603115 | ry_loss=0.239874 | train_final_ap=skip | train_red_ap=skip | train_suspicious_ap=skip | train_ry_ap=skip | es_final_ap=0.591181 | es_red_ap=0.591181 | es_suspicious_ap=0.508087 | es_ry_ap=0.975297
2026-03-25 15:53:06 | INFO | Fold 0 | epoch 11 | total_loss=0.854814 | red_loss=0.434243 | suspicious_loss=0.596162 | ry_loss=0.235590 | train_final_ap=skip | train_red_ap=skip | train_suspicious_ap=skip | train_ry_ap=skip | es_final_ap=0.598665 | es_red_ap=0.598665 | es_suspicious_ap=0.508754 | es_ry_ap=0.975742
2026-03-25 15:55:10 | INFO | Fold 0 | epoch 12 | total_loss=0.844327 | red_loss=0.428671 | suspicious_loss=0.591452 | ry_loss=0.231792 | train_final_ap=0.635051 | train_red_ap=0.635051 | train_suspicious_ap=0.551945 | train_ry_ap=0.985902 | es_final_ap=0.602140 | es_red_ap=0.602140 | es_suspicious_ap=0.511096 | es_ry_ap=0.976597
2026-03-25 15:56:32 | INFO | Fold 0 | epoch 13 | total_loss=0.832750 | red_loss=0.421233 | suspicious_loss=0.586918 | ry_loss=0.226323 | train_final_ap=skip | train_red_ap=skip | train_suspicious_ap=skip | train_ry_ap=skip | es_final_ap=0.603766 | es_red_ap=0.603766 | es_suspicious_ap=0.513851 | es_ry_ap=0.977166
2026-03-25 15:57:54 | INFO | Fold 0 | epoch 14 | total_loss=0.821076 | red_loss=0.415560 | suspicious_loss=0.582356 | ry_loss=0.220157 | train_final_ap=skip | train_red_ap=skip | train_suspicious_ap=skip | train_ry_ap=skip | es_final_ap=0.605828 | es_red_ap=0.605828 | es_suspicious_ap=0.515629 | es_ry_ap=0.975715
2026-03-25 15:59:59 | INFO | Fold 0 | epoch 15 | total_loss=0.811863 | red_loss=0.411217 | suspicious_loss=0.575440 | ry_loss=0.217348 | train_final_ap=0.636497 | train_red_ap=0.636497 | train_suspicious_ap=0.558167 | train_ry_ap=0.987516 | es_final_ap=0.590603 | es_red_ap=0.590603 | es_suspicious_ap=0.514592 | es_ry_ap=0.976063
2026-03-25 16:01:21 | INFO | Fold 0 | epoch 16 | total_loss=0.801875 | red_loss=0.405418 | suspicious_loss=0.570392 | ry_loss=0.213296 | train_final_ap=skip | train_red_ap=skip | train_suspicious_ap=skip | train_ry_ap=skip | es_final_ap=0.607792 | es_red_ap=0.607792 | es_suspicious_ap=0.516018 | es_ry_ap=0.976305
2026-03-25 16:02:43 | INFO | Fold 0 | epoch 17 | total_loss=0.794701 | red_loss=0.401320 | suspicious_loss=0.568725 | ry_loss=0.208685 | train_final_ap=skip | train_red_ap=skip | train_suspicious_ap=skip | train_ry_ap=skip | es_final_ap=0.603056 | es_red_ap=0.603056 | es_suspicious_ap=0.518004 | es_ry_ap=0.976133
2026-03-25 16:04:48 | INFO | Fold 0 | epoch 18 | total_loss=0.783278 | red_loss=0.394980 | suspicious_loss=0.564739 | ry_loss=0.203622 | train_final_ap=0.648983 | train_red_ap=0.648983 | train_suspicious_ap=0.566872 | train_ry_ap=0.989201 | es_final_ap=0.597648 | es_red_ap=0.597648 | es_suspicious_ap=0.517739 | es_ry_ap=0.973228
2026-03-25 16:06:09 | INFO | Fold 0 | epoch 19 | total_loss=0.776107 | red_loss=0.391988 | suspicious_loss=0.559495 | ry_loss=0.201486 | train_final_ap=skip | train_red_ap=skip | train_suspicious_ap=skip | train_ry_ap=skip | es_final_ap=0.599428 | es_red_ap=0.599428 | es_suspicious_ap=0.515387 | es_ry_ap=0.974183
2026-03-25 16:07:31 | INFO | Fold 0 | epoch 20 | total_loss=0.763436 | red_loss=0.384554 | suspicious_loss=0.554093 | ry_loss=0.194273 | train_final_ap=skip | train_red_ap=skip | train_suspicious_ap=skip | train_ry_ap=skip | es_final_ap=0.601567 | es_red_ap=0.601567 | es_suspicious_ap=0.509658 | es_ry_ap=0.973437
2026-03-25 16:09:36 | INFO | Fold 0 | epoch 21 | total_loss=0.755856 | red_loss=0.380829 | suspicious_loss=0.551416 | ry_loss=0.190729 | train_final_ap=0.657406 | train_red_ap=0.657406 | train_suspicious_ap=0.575929 | train_ry_ap=0.991499 | es_final_ap=0.600684 | es_red_ap=0.600684 | es_suspicious_ap=0.517454 | es_ry_ap=0.973881
2026-03-25 16:10:58 | INFO | Fold 0 | epoch 22 | total_loss=0.742999 | red_loss=0.374112 | suspicious_loss=0.546097 | ry_loss=0.184393 | train_final_ap=skip | train_red_ap=skip | train_suspicious_ap=skip | train_ry_ap=skip | es_final_ap=0.600162 | es_red_ap=0.600162 | es_suspicious_ap=0.513654 | es_ry_ap=0.973727
2026-03-25 16:10:58 | INFO | Fold 0 | early stopping at epoch 22 by final AP
2026-03-25 16:12:35 | INFO | Fold 0 | best_epoch=16 | train_final_ap=0.646388 | train_red_ap=0.646388 | train_suspicious_ap=0.563875 | train_ry_ap=0.988691 | eval_final_ap=0.107591 | eval_red_ap=0.107591 | eval_suspicious_ap=0.081967 | eval_ry_ap=0.976305 | es_final_ap=0.607792 | es_red_ap=0.607792 | es_suspicious_ap=0.516018 | es_ry_ap=0.976305
2026-03-25 16:14:12 | INFO | Fold 1 category encoding built on visible history rows=131662156
2026-03-25 16:14:12 | INFO | Fold 1 cat=event_desc | raw_dtype=uint8 | mode=embedding | fit_unique=136 | non_padding_card=137 | total_card=138 | unk_rate_all=0.004128
2026-03-25 16:14:12 | INFO | Fold 1 cat=event_type_nm | raw_dtype=uint8 | mode=one_hot | fit_unique=17 | non_padding_card=18 | total_card=19 | unk_rate_all=0.000000
2026-03-25 16:14:12 | INFO | Fold 1 cat=channel_indicator_type | raw_dtype=uint8 | mode=one_hot | fit_unique=8 | non_padding_card=9 | total_card=10 | unk_rate_all=0.000000
2026-03-25 16:14:12 | INFO | Fold 1 cat=channel_indicator_sub_type | raw_dtype=uint8 | mode=one_hot | fit_unique=20 | non_padding_card=21 | total_card=22 | unk_rate_all=0.004118
2026-03-25 16:14:12 | INFO | Fold 1 cat=mcc_code | raw_dtype=uint8 | mode=one_hot | fit_unique=21 | non_padding_card=22 | total_card=23 | unk_rate_all=0.000000
2026-03-25 16:14:12 | INFO | Fold 1 cat=pos_cd | raw_dtype=uint8 | mode=one_hot | fit_unique=29 | non_padding_card=30 | total_card=31 | unk_rate_all=0.000000
2026-03-25 16:14:12 | INFO | Fold 1 cat=currency_iso_cd | raw_dtype=uint8 | mode=one_hot | fit_unique=25 | non_padding_card=26 | total_card=27 | unk_rate_all=0.000000
2026-03-25 16:14:12 | INFO | Fold 1 cat=browser_language | raw_dtype=uint8 | mode=one_hot | fit_unique=3 | non_padding_card=4 | total_card=5 | unk_rate_all=0.000000
2026-03-25 16:14:12 | INFO | Fold 1 cat=timezone | raw_dtype=uint16 | mode=embedding | fit_unique=8286 | non_padding_card=8287 | total_card=8288 | unk_rate_all=0.000000
2026-03-25 16:14:12 | INFO | Fold 1 cat=operating_system_type | raw_dtype=uint8 | mode=one_hot | fit_unique=12 | non_padding_card=13 | total_card=14 | unk_rate_all=0.000000
2026-03-25 16:14:12 | INFO | Fold 1 cat=developer_tools | raw_dtype=uint8 | mode=one_hot | fit_unique=3 | non_padding_card=4 | total_card=5 | unk_rate_all=0.000000
2026-03-25 16:14:12 | INFO | Fold 1 cat=phone_voip_call_state | raw_dtype=uint8 | mode=one_hot | fit_unique=3 | non_padding_card=4 | total_card=5 | unk_rate_all=0.000000
2026-03-25 16:14:12 | INFO | Fold 1 cat=web_rdp_connection | raw_dtype=uint8 | mode=one_hot | fit_unique=3 | non_padding_card=4 | total_card=5 | unk_rate_all=0.000000
2026-03-25 16:14:12 | INFO | Fold 1 cat=compromised | raw_dtype=uint8 | mode=one_hot | fit_unique=4 | non_padding_card=5 | total_card=6 | unk_rate_all=0.000000
2026-03-25 16:14:12 | INFO | Fold 1 cat=accept_lang_primary | raw_dtype=uint64 | mode=embedding | fit_unique=63 | non_padding_card=64 | total_card=65 | unk_rate_all=0.000000
2026-03-25 16:14:15 | INFO | Fold 1 | train_rows=1616408 eval_rows=9006947 es_rows=458960 | train_red=20885 train_yellow=10508 train_suspicious=31393 | epochs=50 early_stopping=True
2026-03-25 16:15:37 | INFO | Fold 1 | epoch 1 | total_loss=1.356488 | red_loss=0.717063 | suspicious_loss=0.866903 | ry_loss=0.399391 | train_final_ap=skip | train_red_ap=skip | train_suspicious_ap=skip | train_ry_ap=skip | es_final_ap=0.494863 | es_red_ap=0.494863 | es_suspicious_ap=0.362190 | es_ry_ap=0.952901
2026-03-25 16:17:00 | INFO | Fold 1 | epoch 2 | total_loss=1.095028 | red_loss=0.567280 | suspicious_loss=0.735568 | ry_loss=0.306000 | train_final_ap=skip | train_red_ap=skip | train_suspicious_ap=skip | train_ry_ap=skip | es_final_ap=0.520464 | es_red_ap=0.520464 | es_suspicious_ap=0.389845 | es_ry_ap=0.957852
2026-03-25 16:19:05 | INFO | Fold 1 | epoch 3 | total_loss=1.038698 | red_loss=0.535795 | suspicious_loss=0.706043 | ry_loss=0.288001 | train_final_ap=0.568956 | train_red_ap=0.568956 | train_suspicious_ap=0.476588 | train_ry_ap=0.975027 | es_final_ap=0.528504 | es_red_ap=0.528504 | es_suspicious_ap=0.402972 | es_ry_ap=0.959385
2026-03-25 16:20:28 | INFO | Fold 1 | epoch 4 | total_loss=1.000956 | red_loss=0.513796 | suspicious_loss=0.685204 | ry_loss=0.279728 | train_final_ap=skip | train_red_ap=skip | train_suspicious_ap=skip | train_ry_ap=skip | es_final_ap=0.535666 | es_red_ap=0.535666 | es_suspicious_ap=0.411662 | es_ry_ap=0.960298
2026-03-25 16:21:50 | INFO | Fold 1 | epoch 5 | total_loss=0.976702 | red_loss=0.499454 | suspicious_loss=0.670750 | ry_loss=0.271558 | train_final_ap=skip | train_red_ap=skip | train_suspicious_ap=skip | train_ry_ap=skip | es_final_ap=0.548027 | es_red_ap=0.548027 | es_suspicious_ap=0.428239 | es_ry_ap=0.963085
2026-03-25 16:23:56 | INFO | Fold 1 | epoch 6 | total_loss=0.947260 | red_loss=0.483546 | suspicious_loss=0.653580 | ry_loss=0.264123 | train_final_ap=0.601297 | train_red_ap=0.601297 | train_suspicious_ap=0.514396 | train_ry_ap=0.979049 | es_final_ap=0.560455 | es_red_ap=0.560455 | es_suspicious_ap=0.433727 | es_ry_ap=0.964181
2026-03-25 16:25:18 | INFO | Fold 1 | epoch 7 | total_loss=0.925345 | red_loss=0.470588 | suspicious_loss=0.642262 | ry_loss=0.257243 | train_final_ap=skip | train_red_ap=skip | train_suspicious_ap=skip | train_ry_ap=skip | es_final_ap=0.568516 | es_red_ap=0.568516 | es_suspicious_ap=0.446150 | es_ry_ap=0.965163
2026-03-25 16:26:41 | INFO | Fold 1 | epoch 8 | total_loss=0.908443 | red_loss=0.460660 | suspicious_loss=0.632554 | ry_loss=0.251093 | train_final_ap=skip | train_red_ap=skip | train_suspicious_ap=skip | train_ry_ap=skip | es_final_ap=0.575302 | es_red_ap=0.575302 | es_suspicious_ap=0.449689 | es_ry_ap=0.965628
2026-03-25 16:28:47 | INFO | Fold 1 | epoch 9 | total_loss=0.890508 | red_loss=0.451246 | suspicious_loss=0.623264 | ry_loss=0.245064 | train_final_ap=0.624210 | train_red_ap=0.624210 | train_suspicious_ap=0.533622 | train_ry_ap=0.982167 | es_final_ap=0.582704 | es_red_ap=0.582704 | es_suspicious_ap=0.450891 | es_ry_ap=0.967755
2026-03-25 16:30:10 | INFO | Fold 1 | epoch 10 | total_loss=0.876048 | red_loss=0.443745 | suspicious_loss=0.613970 | ry_loss=0.242147 | train_final_ap=skip | train_red_ap=skip | train_suspicious_ap=skip | train_ry_ap=skip | es_final_ap=0.582800 | es_red_ap=0.582800 | es_suspicious_ap=0.455289 | es_ry_ap=0.966609
2026-03-25 16:31:32 | INFO | Fold 1 | epoch 11 | total_loss=0.864338 | red_loss=0.436573 | suspicious_loss=0.608154 | ry_loss=0.236249 | train_final_ap=skip | train_red_ap=skip | train_suspicious_ap=skip | train_ry_ap=skip | es_final_ap=0.585261 | es_red_ap=0.585261 | es_suspicious_ap=0.457167 | es_ry_ap=0.966999
2026-03-25 16:33:38 | INFO | Fold 1 | epoch 12 | total_loss=0.850483 | red_loss=0.428057 | suspicious_loss=0.602774 | ry_loss=0.231745 | train_final_ap=0.637649 | train_red_ap=0.637649 | train_suspicious_ap=0.544336 | train_ry_ap=0.984971 | es_final_ap=0.592528 | es_red_ap=0.592528 | es_suspicious_ap=0.460976 | es_ry_ap=0.968889
2026-03-25 16:35:00 | INFO | Fold 1 | epoch 13 | total_loss=0.840386 | red_loss=0.423093 | suspicious_loss=0.600407 | ry_loss=0.225825 | train_final_ap=skip | train_red_ap=skip | train_suspicious_ap=skip | train_ry_ap=skip | es_final_ap=0.587038 | es_red_ap=0.587038 | es_suspicious_ap=0.454045 | es_ry_ap=0.968243
2026-03-25 16:36:23 | INFO | Fold 1 | epoch 14 | total_loss=0.830167 | red_loss=0.418137 | suspicious_loss=0.594370 | ry_loss=0.221496 | train_final_ap=skip | train_red_ap=skip | train_suspicious_ap=skip | train_ry_ap=skip | es_final_ap=0.597646 | es_red_ap=0.597646 | es_suspicious_ap=0.462168 | es_ry_ap=0.968043
2026-03-25 16:38:29 | INFO | Fold 1 | epoch 15 | total_loss=0.820945 | red_loss=0.414044 | suspicious_loss=0.588986 | ry_loss=0.215750 | train_final_ap=0.642023 | train_red_ap=0.642023 | train_suspicious_ap=0.550149 | train_ry_ap=0.986499 | es_final_ap=0.594318 | es_red_ap=0.594318 | es_suspicious_ap=0.463293 | es_ry_ap=0.968867
2026-03-25 16:39:52 | INFO | Fold 1 | epoch 16 | total_loss=0.813073 | red_loss=0.410115 | suspicious_loss=0.585845 | ry_loss=0.212471 | train_final_ap=skip | train_red_ap=skip | train_suspicious_ap=skip | train_ry_ap=skip | es_final_ap=0.584029 | es_red_ap=0.584029 | es_suspicious_ap=0.458489 | es_ry_ap=0.967831
2026-03-25 16:41:14 | INFO | Fold 1 | epoch 17 | total_loss=0.802975 | red_loss=0.403320 | suspicious_loss=0.582803 | ry_loss=0.209085 | train_final_ap=skip | train_red_ap=skip | train_suspicious_ap=skip | train_ry_ap=skip | es_final_ap=0.595302 | es_red_ap=0.595302 | es_suspicious_ap=0.461886 | es_ry_ap=0.965937
2026-03-25 16:43:20 | INFO | Fold 1 | epoch 18 | total_loss=0.797088 | red_loss=0.401183 | suspicious_loss=0.578599 | ry_loss=0.205171 | train_final_ap=0.652660 | train_red_ap=0.652660 | train_suspicious_ap=0.555568 | train_ry_ap=0.988967 | es_final_ap=0.599335 | es_red_ap=0.599335 | es_suspicious_ap=0.462488 | es_ry_ap=0.968075
2026-03-25 16:44:42 | INFO | Fold 1 | epoch 19 | total_loss=0.784096 | red_loss=0.392604 | suspicious_loss=0.574307 | ry_loss=0.199469 | train_final_ap=skip | train_red_ap=skip | train_suspicious_ap=skip | train_ry_ap=skip | es_final_ap=0.593760 | es_red_ap=0.593760 | es_suspicious_ap=0.467099 | es_ry_ap=0.965748
2026-03-25 16:46:05 | INFO | Fold 1 | epoch 20 | total_loss=0.774736 | red_loss=0.387368 | suspicious_loss=0.572189 | ry_loss=0.194732 | train_final_ap=skip | train_red_ap=skip | train_suspicious_ap=skip | train_ry_ap=skip | es_final_ap=0.594104 | es_red_ap=0.594104 | es_suspicious_ap=0.466905 | es_ry_ap=0.967106
2026-03-25 16:48:10 | INFO | Fold 1 | epoch 21 | total_loss=0.766655 | red_loss=0.383505 | suspicious_loss=0.566725 | ry_loss=0.190682 | train_final_ap=0.658900 | train_red_ap=0.658900 | train_suspicious_ap=0.561697 | train_ry_ap=0.990752 | es_final_ap=0.593976 | es_red_ap=0.593976 | es_suspicious_ap=0.461057 | es_ry_ap=0.967692
2026-03-25 16:49:33 | INFO | Fold 1 | epoch 22 | total_loss=0.755919 | red_loss=0.377620 | suspicious_loss=0.563508 | ry_loss=0.185499 | train_final_ap=skip | train_red_ap=skip | train_suspicious_ap=skip | train_ry_ap=skip | es_final_ap=0.590903 | es_red_ap=0.590903 | es_suspicious_ap=0.462514 | es_ry_ap=0.965860
2026-03-25 16:50:56 | INFO | Fold 1 | epoch 23 | total_loss=0.746743 | red_loss=0.373453 | suspicious_loss=0.558480 | ry_loss=0.181333 | train_final_ap=skip | train_red_ap=skip | train_suspicious_ap=skip | train_ry_ap=skip | es_final_ap=0.588637 | es_red_ap=0.588637 | es_suspicious_ap=0.462442 | es_ry_ap=0.967063
2026-03-25 16:53:01 | INFO | Fold 1 | epoch 24 | total_loss=0.738792 | red_loss=0.369243 | suspicious_loss=0.555998 | ry_loss=0.175986 | train_final_ap=0.660553 | train_red_ap=0.660553 | train_suspicious_ap=0.565801 | train_ry_ap=0.992042 | es_final_ap=0.588379 | es_red_ap=0.588379 | es_suspicious_ap=0.460723 | es_ry_ap=0.965758
2026-03-25 16:53:01 | INFO | Fold 1 | early stopping at epoch 24 by final AP
2026-03-25 16:54:39 | INFO | Fold 1 | best_epoch=18 | train_final_ap=0.652660 | train_red_ap=0.652660 | train_suspicious_ap=0.555568 | train_ry_ap=0.988967 | eval_final_ap=0.107948 | eval_red_ap=0.107948 | eval_suspicious_ap=0.066343 | eval_ry_ap=0.968075 | es_final_ap=0.599335 | es_red_ap=0.599335 | es_suspicious_ap=0.462488 | es_ry_ap=0.968075
2026-03-25 16:56:04 | INFO | Fold 2 category encoding built on visible history rows=140669103
2026-03-25 16:56:04 | INFO | Fold 2 cat=event_desc | raw_dtype=uint8 | mode=embedding | fit_unique=141 | non_padding_card=142 | total_card=143 | unk_rate_all=0.004122
2026-03-25 16:56:04 | INFO | Fold 2 cat=event_type_nm | raw_dtype=uint8 | mode=one_hot | fit_unique=17 | non_padding_card=18 | total_card=19 | unk_rate_all=0.000000
2026-03-25 16:56:04 | INFO | Fold 2 cat=channel_indicator_type | raw_dtype=uint8 | mode=one_hot | fit_unique=8 | non_padding_card=9 | total_card=10 | unk_rate_all=0.000000
2026-03-25 16:56:04 | INFO | Fold 2 cat=channel_indicator_sub_type | raw_dtype=uint8 | mode=one_hot | fit_unique=20 | non_padding_card=21 | total_card=22 | unk_rate_all=0.004118
2026-03-25 16:56:04 | INFO | Fold 2 cat=mcc_code | raw_dtype=uint8 | mode=one_hot | fit_unique=21 | non_padding_card=22 | total_card=23 | unk_rate_all=0.000000
2026-03-25 16:56:04 | INFO | Fold 2 cat=pos_cd | raw_dtype=uint8 | mode=one_hot | fit_unique=29 | non_padding_card=30 | total_card=31 | unk_rate_all=0.000000
2026-03-25 16:56:04 | INFO | Fold 2 cat=currency_iso_cd | raw_dtype=uint8 | mode=one_hot | fit_unique=25 | non_padding_card=26 | total_card=27 | unk_rate_all=0.000000
2026-03-25 16:56:04 | INFO | Fold 2 cat=browser_language | raw_dtype=uint8 | mode=one_hot | fit_unique=3 | non_padding_card=4 | total_card=5 | unk_rate_all=0.000000
2026-03-25 16:56:04 | INFO | Fold 2 cat=timezone | raw_dtype=uint16 | mode=embedding | fit_unique=8286 | non_padding_card=8287 | total_card=8288 | unk_rate_all=0.000000
2026-03-25 16:56:04 | INFO | Fold 2 cat=operating_system_type | raw_dtype=uint8 | mode=one_hot | fit_unique=12 | non_padding_card=13 | total_card=14 | unk_rate_all=0.000000
2026-03-25 16:56:04 | INFO | Fold 2 cat=developer_tools | raw_dtype=uint8 | mode=one_hot | fit_unique=3 | non_padding_card=4 | total_card=5 | unk_rate_all=0.000000
2026-03-25 16:56:04 | INFO | Fold 2 cat=phone_voip_call_state | raw_dtype=uint8 | mode=one_hot | fit_unique=3 | non_padding_card=4 | total_card=5 | unk_rate_all=0.000000
2026-03-25 16:56:04 | INFO | Fold 2 cat=web_rdp_connection | raw_dtype=uint8 | mode=one_hot | fit_unique=3 | non_padding_card=4 | total_card=5 | unk_rate_all=0.000000
2026-03-25 16:56:04 | INFO | Fold 2 cat=compromised | raw_dtype=uint8 | mode=one_hot | fit_unique=4 | non_padding_card=5 | total_card=6 | unk_rate_all=0.000000
2026-03-25 16:56:04 | INFO | Fold 2 cat=accept_lang_primary | raw_dtype=uint64 | mode=embedding | fit_unique=64 | non_padding_card=65 | total_card=66 | unk_rate_all=0.000000
2026-03-25 16:56:06 | INFO | Fold 2 | train_rows=1537763 eval_rows=11187671 es_rows=569351 | train_red=17991 train_yellow=11527 train_suspicious=29518 | epochs=50 early_stopping=True
2026-03-25 16:57:29 | INFO | Fold 2 | epoch 1 | total_loss=1.385079 | red_loss=0.732672 | suspicious_loss=0.910516 | ry_loss=0.381092 | train_final_ap=skip | train_red_ap=skip | train_suspicious_ap=skip | train_ry_ap=skip | es_final_ap=0.488260 | es_red_ap=0.488260 | es_suspicious_ap=0.339881 | es_ry_ap=0.946778
2026-03-25 16:58:52 | INFO | Fold 2 | epoch 2 | total_loss=1.112730 | red_loss=0.568962 | suspicious_loss=0.776830 | ry_loss=0.299322 | train_final_ap=skip | train_red_ap=skip | train_suspicious_ap=skip | train_ry_ap=skip | es_final_ap=0.511176 | es_red_ap=0.511176 | es_suspicious_ap=0.372335 | es_ry_ap=0.953297
2026-03-25 17:00:58 | INFO | Fold 2 | epoch 3 | total_loss=1.054269 | red_loss=0.537176 | suspicious_loss=0.741833 | ry_loss=0.281561 | train_final_ap=0.559599 | train_red_ap=0.559599 | train_suspicious_ap=0.443448 | train_ry_ap=0.973827 | es_final_ap=0.522867 | es_red_ap=0.522867 | es_suspicious_ap=0.386856 | es_ry_ap=0.957190
2026-03-25 17:02:22 | INFO | Fold 2 | epoch 4 | total_loss=1.023377 | red_loss=0.520859 | suspicious_loss=0.725130 | ry_loss=0.270013 | train_final_ap=skip | train_red_ap=skip | train_suspicious_ap=skip | train_ry_ap=skip | es_final_ap=0.528013 | es_red_ap=0.528013 | es_suspicious_ap=0.399446 | es_ry_ap=0.955668
2026-03-25 17:03:45 | INFO | Fold 2 | epoch 5 | total_loss=0.994185 | red_loss=0.504342 | suspicious_loss=0.705158 | ry_loss=0.265080 | train_final_ap=skip | train_red_ap=skip | train_suspicious_ap=skip | train_ry_ap=skip | es_final_ap=0.546104 | es_red_ap=0.546104 | es_suspicious_ap=0.413576 | es_ry_ap=0.958843
2026-03-25 17:05:50 | INFO | Fold 2 | epoch 6 | total_loss=0.967609 | red_loss=0.489987 | suspicious_loss=0.688249 | ry_loss=0.257647 | train_final_ap=0.588783 | train_red_ap=0.588783 | train_suspicious_ap=0.482789 | train_ry_ap=0.976549 | es_final_ap=0.546763 | es_red_ap=0.546763 | es_suspicious_ap=0.420675 | es_ry_ap=0.959241
2026-03-25 17:07:13 | INFO | Fold 2 | epoch 7 | total_loss=0.946027 | red_loss=0.476856 | suspicious_loss=0.675546 | ry_loss=0.254189 | train_final_ap=skip | train_red_ap=skip | train_suspicious_ap=skip | train_ry_ap=skip | es_final_ap=0.562457 | es_red_ap=0.562457 | es_suspicious_ap=0.426539 | es_ry_ap=0.962935
2026-03-25 17:08:37 | INFO | Fold 2 | epoch 8 | total_loss=0.927346 | red_loss=0.465381 | suspicious_loss=0.663627 | ry_loss=0.249354 | train_final_ap=skip | train_red_ap=skip | train_suspicious_ap=skip | train_ry_ap=skip | es_final_ap=0.566790 | es_red_ap=0.566790 | es_suspicious_ap=0.438657 | es_ry_ap=0.961916
2026-03-25 17:10:42 | INFO | Fold 2 | epoch 9 | total_loss=0.910699 | red_loss=0.456716 | suspicious_loss=0.654757 | ry_loss=0.244612 | train_final_ap=0.606409 | train_red_ap=0.606409 | train_suspicious_ap=0.499749 | train_ry_ap=0.980155 | es_final_ap=0.568257 | es_red_ap=0.568257 | es_suspicious_ap=0.437419 | es_ry_ap=0.963033
2026-03-25 17:12:06 | INFO | Fold 2 | epoch 10 | total_loss=0.895349 | red_loss=0.447525 | suspicious_loss=0.647431 | ry_loss=0.239721 | train_final_ap=skip | train_red_ap=skip | train_suspicious_ap=skip | train_ry_ap=skip | es_final_ap=0.573315 | es_red_ap=0.573315 | es_suspicious_ap=0.439170 | es_ry_ap=0.963065
2026-03-25 17:13:30 | INFO | Fold 2 | epoch 11 | total_loss=0.881388 | red_loss=0.441135 | suspicious_loss=0.639114 | ry_loss=0.234202 | train_final_ap=skip | train_red_ap=skip | train_suspicious_ap=skip | train_ry_ap=skip | es_final_ap=0.578258 | es_red_ap=0.578258 | es_suspicious_ap=0.448806 | es_ry_ap=0.964160
2026-03-25 17:15:35 | INFO | Fold 2 | epoch 12 | total_loss=0.872053 | red_loss=0.435630 | suspicious_loss=0.634759 | ry_loss=0.228938 | train_final_ap=0.623116 | train_red_ap=0.623116 | train_suspicious_ap=0.514666 | train_ry_ap=0.982479 | es_final_ap=0.586479 | es_red_ap=0.586479 | es_suspicious_ap=0.452909 | es_ry_ap=0.965221
2026-03-25 17:16:58 | INFO | Fold 2 | epoch 13 | total_loss=0.859950 | red_loss=0.429232 | suspicious_loss=0.628152 | ry_loss=0.226321 | train_final_ap=skip | train_red_ap=skip | train_suspicious_ap=skip | train_ry_ap=skip | es_final_ap=0.583551 | es_red_ap=0.583551 | es_suspicious_ap=0.446460 | es_ry_ap=0.964147
2026-03-25 17:18:22 | INFO | Fold 2 | epoch 14 | total_loss=0.852672 | red_loss=0.425450 | suspicious_loss=0.623923 | ry_loss=0.222805 | train_final_ap=skip | train_red_ap=skip | train_suspicious_ap=skip | train_ry_ap=skip | es_final_ap=0.585062 | es_red_ap=0.585062 | es_suspicious_ap=0.455483 | es_ry_ap=0.965590
2026-03-25 17:20:27 | INFO | Fold 2 | epoch 15 | total_loss=0.844256 | red_loss=0.421612 | suspicious_loss=0.619805 | ry_loss=0.218200 | train_final_ap=0.625559 | train_red_ap=0.625559 | train_suspicious_ap=0.521715 | train_ry_ap=0.984071 | es_final_ap=0.582092 | es_red_ap=0.582092 | es_suspicious_ap=0.456423 | es_ry_ap=0.965436
2026-03-25 17:21:51 | INFO | Fold 2 | epoch 16 | total_loss=0.836509 | red_loss=0.415450 | suspicious_loss=0.618221 | ry_loss=0.215479 | train_final_ap=skip | train_red_ap=skip | train_suspicious_ap=skip | train_ry_ap=skip | es_final_ap=0.584197 | es_red_ap=0.584197 | es_suspicious_ap=0.453313 | es_ry_ap=0.965494
2026-03-25 17:23:14 | INFO | Fold 2 | epoch 17 | total_loss=0.826439 | red_loss=0.411029 | suspicious_loss=0.613499 | ry_loss=0.209935 | train_final_ap=skip | train_red_ap=skip | train_suspicious_ap=skip | train_ry_ap=skip | es_final_ap=0.589994 | es_red_ap=0.589994 | es_suspicious_ap=0.453155 | es_ry_ap=0.965619
2026-03-25 17:25:20 | INFO | Fold 2 | epoch 18 | total_loss=0.816312 | red_loss=0.406043 | suspicious_loss=0.609008 | ry_loss=0.205073 | train_final_ap=0.635558 | train_red_ap=0.635558 | train_suspicious_ap=0.526177 | train_ry_ap=0.986494 | es_final_ap=0.588907 | es_red_ap=0.588907 | es_suspicious_ap=0.459071 | es_ry_ap=0.966058
2026-03-25 17:26:43 | INFO | Fold 2 | epoch 19 | total_loss=0.807961 | red_loss=0.400930 | suspicious_loss=0.604156 | ry_loss=0.201575 | train_final_ap=skip | train_red_ap=skip | train_suspicious_ap=skip | train_ry_ap=skip | es_final_ap=0.587240 | es_red_ap=0.587240 | es_suspicious_ap=0.458709 | es_ry_ap=0.966085
2026-03-25 17:28:07 | INFO | Fold 2 | epoch 20 | total_loss=0.798772 | red_loss=0.395417 | suspicious_loss=0.601119 | ry_loss=0.198253 | train_final_ap=skip | train_red_ap=skip | train_suspicious_ap=skip | train_ry_ap=skip | es_final_ap=0.586528 | es_red_ap=0.586528 | es_suspicious_ap=0.458036 | es_ry_ap=0.965860
2026-03-25 17:30:12 | INFO | Fold 2 | epoch 21 | total_loss=0.791374 | red_loss=0.392050 | suspicious_loss=0.597126 | ry_loss=0.193583 | train_final_ap=0.639826 | train_red_ap=0.639826 | train_suspicious_ap=0.534363 | train_ry_ap=0.988823 | es_final_ap=0.589146 | es_red_ap=0.589146 | es_suspicious_ap=0.461613 | es_ry_ap=0.966383
2026-03-25 17:31:36 | INFO | Fold 2 | epoch 22 | total_loss=0.779816 | red_loss=0.384575 | suspicious_loss=0.593247 | ry_loss=0.188738 | train_final_ap=skip | train_red_ap=skip | train_suspicious_ap=skip | train_ry_ap=skip | es_final_ap=0.589021 | es_red_ap=0.589021 | es_suspicious_ap=0.463125 | es_ry_ap=0.966390
2026-03-25 17:32:59 | INFO | Fold 2 | epoch 23 | total_loss=0.774755 | red_loss=0.384120 | suspicious_loss=0.590307 | ry_loss=0.184412 | train_final_ap=skip | train_red_ap=skip | train_suspicious_ap=skip | train_ry_ap=skip | es_final_ap=0.595137 | es_red_ap=0.595137 | es_suspicious_ap=0.460488 | es_ry_ap=0.966424
2026-03-25 17:35:05 | INFO | Fold 2 | epoch 24 | total_loss=0.763837 | red_loss=0.377576 | suspicious_loss=0.584037 | ry_loss=0.180840 | train_final_ap=0.643983 | train_red_ap=0.643983 | train_suspicious_ap=0.536310 | train_ry_ap=0.990603 | es_final_ap=0.587481 | es_red_ap=0.587481 | es_suspicious_ap=0.459048 | es_ry_ap=0.966218
2026-03-25 17:36:29 | INFO | Fold 2 | epoch 25 | total_loss=0.756275 | red_loss=0.373821 | suspicious_loss=0.581884 | ry_loss=0.177440 | train_final_ap=skip | train_red_ap=skip | train_suspicious_ap=skip | train_ry_ap=skip | es_final_ap=0.592240 | es_red_ap=0.592240 | es_suspicious_ap=0.460305 | es_ry_ap=0.964753
2026-03-25 17:37:52 | INFO | Fold 2 | epoch 26 | total_loss=0.743909 | red_loss=0.366828 | suspicious_loss=0.575564 | ry_loss=0.171629 | train_final_ap=skip | train_red_ap=skip | train_suspicious_ap=skip | train_ry_ap=skip | es_final_ap=0.593972 | es_red_ap=0.593972 | es_suspicious_ap=0.458734 | es_ry_ap=0.966360
2026-03-25 17:39:57 | INFO | Fold 2 | epoch 27 | total_loss=0.733281 | red_loss=0.361306 | suspicious_loss=0.571756 | ry_loss=0.167057 | train_final_ap=0.648687 | train_red_ap=0.648687 | train_suspicious_ap=0.542078 | train_ry_ap=0.992587 | es_final_ap=0.582999 | es_red_ap=0.582999 | es_suspicious_ap=0.459680 | es_ry_ap=0.964904
2026-03-25 17:41:21 | INFO | Fold 2 | epoch 28 | total_loss=0.722198 | red_loss=0.354464 | suspicious_loss=0.566440 | ry_loss=0.163120 | train_final_ap=skip | train_red_ap=skip | train_suspicious_ap=skip | train_ry_ap=skip | es_final_ap=0.587206 | es_red_ap=0.587206 | es_suspicious_ap=0.460415 | es_ry_ap=0.964277
2026-03-25 17:42:45 | INFO | Fold 2 | epoch 29 | total_loss=0.711761 | red_loss=0.349671 | suspicious_loss=0.561687 | ry_loss=0.156394 | train_final_ap=skip | train_red_ap=skip | train_suspicious_ap=skip | train_ry_ap=skip | es_final_ap=0.587763 | es_red_ap=0.587763 | es_suspicious_ap=0.461797 | es_ry_ap=0.963602
2026-03-25 17:42:45 | INFO | Fold 2 | early stopping at epoch 29 by final AP
2026-03-25 17:44:27 | INFO | Fold 2 | best_epoch=23 | train_final_ap=0.646811 | train_red_ap=0.646811 | train_suspicious_ap=0.535420 | train_ry_ap=0.989452 | eval_final_ap=0.104026 | eval_red_ap=0.104026 | eval_suspicious_ap=0.064861 | eval_ry_ap=0.966424 | es_final_ap=0.595137 | es_red_ap=0.595137 | es_suspicious_ap=0.460488 | es_ry_ap=0.966424
2026-03-25 17:45:54 | INFO | Fold 3 category encoding built on visible history rows=151856774
2026-03-25 17:45:54 | INFO | Fold 3 cat=event_desc | raw_dtype=uint8 | mode=embedding | fit_unique=144 | non_padding_card=145 | total_card=146 | unk_rate_all=0.004122
2026-03-25 17:45:54 | INFO | Fold 3 cat=event_type_nm | raw_dtype=uint8 | mode=one_hot | fit_unique=17 | non_padding_card=18 | total_card=19 | unk_rate_all=0.000000
2026-03-25 17:45:54 | INFO | Fold 3 cat=channel_indicator_type | raw_dtype=uint8 | mode=one_hot | fit_unique=8 | non_padding_card=9 | total_card=10 | unk_rate_all=0.000000
2026-03-25 17:45:54 | INFO | Fold 3 cat=channel_indicator_sub_type | raw_dtype=uint8 | mode=one_hot | fit_unique=20 | non_padding_card=21 | total_card=22 | unk_rate_all=0.004118
2026-03-25 17:45:54 | INFO | Fold 3 cat=mcc_code | raw_dtype=uint8 | mode=one_hot | fit_unique=21 | non_padding_card=22 | total_card=23 | unk_rate_all=0.000000
2026-03-25 17:45:54 | INFO | Fold 3 cat=pos_cd | raw_dtype=uint8 | mode=one_hot | fit_unique=29 | non_padding_card=30 | total_card=31 | unk_rate_all=0.000000
2026-03-25 17:45:54 | INFO | Fold 3 cat=currency_iso_cd | raw_dtype=uint8 | mode=one_hot | fit_unique=26 | non_padding_card=27 | total_card=28 | unk_rate_all=0.000000
2026-03-25 17:45:54 | INFO | Fold 3 cat=browser_language | raw_dtype=uint8 | mode=one_hot | fit_unique=3 | non_padding_card=4 | total_card=5 | unk_rate_all=0.000000
2026-03-25 17:45:54 | INFO | Fold 3 cat=timezone | raw_dtype=uint16 | mode=embedding | fit_unique=8287 | non_padding_card=8288 | total_card=8289 | unk_rate_all=0.000000
2026-03-25 17:45:54 | INFO | Fold 3 cat=operating_system_type | raw_dtype=uint8 | mode=one_hot | fit_unique=13 | non_padding_card=14 | total_card=15 | unk_rate_all=0.000000
2026-03-25 17:45:54 | INFO | Fold 3 cat=developer_tools | raw_dtype=uint8 | mode=one_hot | fit_unique=3 | non_padding_card=4 | total_card=5 | unk_rate_all=0.000000
2026-03-25 17:45:54 | INFO | Fold 3 cat=phone_voip_call_state | raw_dtype=uint8 | mode=one_hot | fit_unique=3 | non_padding_card=4 | total_card=5 | unk_rate_all=0.000000
2026-03-25 17:45:54 | INFO | Fold 3 cat=web_rdp_connection | raw_dtype=uint8 | mode=one_hot | fit_unique=3 | non_padding_card=4 | total_card=5 | unk_rate_all=0.000000
2026-03-25 17:45:54 | INFO | Fold 3 cat=compromised | raw_dtype=uint8 | mode=one_hot | fit_unique=4 | non_padding_card=5 | total_card=6 | unk_rate_all=0.000000
2026-03-25 17:45:54 | INFO | Fold 3 cat=accept_lang_primary | raw_dtype=uint64 | mode=embedding | fit_unique=65 | non_padding_card=66 | total_card=67 | unk_rate_all=0.000000
2026-03-25 17:45:56 | INFO | Fold 3 | train_rows=1494424 eval_rows=12185025 es_rows=621682 | train_red=16596 train_yellow=13652 train_suspicious=30248 | epochs=50 early_stopping=True
2026-03-25 17:47:20 | INFO | Fold 3 | epoch 1 | total_loss=1.395834 | red_loss=0.730035 | suspicious_loss=0.939630 | ry_loss=0.385325 | train_final_ap=skip | train_red_ap=skip | train_suspicious_ap=skip | train_ry_ap=skip | es_final_ap=0.512786 | es_red_ap=0.512786 | es_suspicious_ap=0.362381 | es_ry_ap=0.954984
2026-03-25 17:48:43 | INFO | Fold 3 | epoch 2 | total_loss=1.134011 | red_loss=0.573536 | suspicious_loss=0.813042 | ry_loss=0.298100 | train_final_ap=skip | train_red_ap=skip | train_suspicious_ap=skip | train_ry_ap=skip | es_final_ap=0.528382 | es_red_ap=0.528382 | es_suspicious_ap=0.385732 | es_ry_ap=0.957213
2026-03-25 17:50:48 | INFO | Fold 3 | epoch 3 | total_loss=1.073196 | red_loss=0.540663 | suspicious_loss=0.776562 | ry_loss=0.279592 | train_final_ap=0.542339 | train_red_ap=0.542339 | train_suspicious_ap=0.419397 | train_ry_ap=0.967781 | es_final_ap=0.544248 | es_red_ap=0.544248 | es_suspicious_ap=0.413060 | es_ry_ap=0.959124
2026-03-25 17:52:11 | INFO | Fold 3 | epoch 4 | total_loss=1.036040 | red_loss=0.519895 | suspicious_loss=0.751954 | ry_loss=0.271270 | train_final_ap=skip | train_red_ap=skip | train_suspicious_ap=skip | train_ry_ap=skip | es_final_ap=0.551700 | es_red_ap=0.551700 | es_suspicious_ap=0.430800 | es_ry_ap=0.959600
2026-03-25 17:53:34 | INFO | Fold 3 | epoch 5 | total_loss=1.010175 | red_loss=0.508325 | suspicious_loss=0.732408 | ry_loss=0.264558 | train_final_ap=skip | train_red_ap=skip | train_suspicious_ap=skip | train_ry_ap=skip | es_final_ap=0.561971 | es_red_ap=0.561971 | es_suspicious_ap=0.446155 | es_ry_ap=0.963654
2026-03-25 17:55:39 | INFO | Fold 3 | epoch 6 | total_loss=0.979910 | red_loss=0.490022 | suspicious_loss=0.714207 | ry_loss=0.258345 | train_final_ap=0.577837 | train_red_ap=0.577837 | train_suspicious_ap=0.456264 | train_ry_ap=0.972670 | es_final_ap=0.572364 | es_red_ap=0.572364 | es_suspicious_ap=0.459155 | es_ry_ap=0.963979
2026-03-25 17:57:02 | INFO | Fold 3 | epoch 7 | total_loss=0.952720 | red_loss=0.473405 | suspicious_loss=0.698237 | ry_loss=0.252811 | train_final_ap=skip | train_red_ap=skip | train_suspicious_ap=skip | train_ry_ap=skip | es_final_ap=0.577043 | es_red_ap=0.577043 | es_suspicious_ap=0.459288 | es_ry_ap=0.965301
2026-03-25 17:58:26 | INFO | Fold 3 | epoch 8 | total_loss=0.938056 | red_loss=0.465730 | suspicious_loss=0.688572 | ry_loss=0.248747 | train_final_ap=skip | train_red_ap=skip | train_suspicious_ap=skip | train_ry_ap=skip | es_final_ap=0.571743 | es_red_ap=0.571743 | es_suspicious_ap=0.458268 | es_ry_ap=0.965297
2026-03-25 18:00:31 | INFO | Fold 3 | epoch 9 | total_loss=0.924373 | red_loss=0.456515 | suspicious_loss=0.681355 | ry_loss=0.245135 | train_final_ap=0.597937 | train_red_ap=0.597937 | train_suspicious_ap=0.477380 | train_ry_ap=0.975728 | es_final_ap=0.588849 | es_red_ap=0.588849 | es_suspicious_ap=0.473708 | es_ry_ap=0.966571
2026-03-25 18:01:54 | INFO | Fold 3 | epoch 10 | total_loss=0.908937 | red_loss=0.447601 | suspicious_loss=0.674712 | ry_loss=0.239683 | train_final_ap=skip | train_red_ap=skip | train_suspicious_ap=skip | train_ry_ap=skip | es_final_ap=0.585285 | es_red_ap=0.585285 | es_suspicious_ap=0.472855 | es_ry_ap=0.967309
2026-03-25 18:03:18 | INFO | Fold 3 | epoch 11 | total_loss=0.902869 | red_loss=0.445606 | suspicious_loss=0.669973 | ry_loss=0.236900 | train_final_ap=skip | train_red_ap=skip | train_suspicious_ap=skip | train_ry_ap=skip | es_final_ap=0.587618 | es_red_ap=0.587618 | es_suspicious_ap=0.475800 | es_ry_ap=0.969077
2026-03-25 18:05:22 | INFO | Fold 3 | epoch 12 | total_loss=0.883867 | red_loss=0.434125 | suspicious_loss=0.662286 | ry_loss=0.232139 | train_final_ap=0.608988 | train_red_ap=0.608988 | train_suspicious_ap=0.486637 | train_ry_ap=0.978572 | es_final_ap=0.591369 | es_red_ap=0.591369 | es_suspicious_ap=0.481191 | es_ry_ap=0.969340
2026-03-25 18:06:45 | INFO | Fold 3 | epoch 13 | total_loss=0.879393 | red_loss=0.431995 | suspicious_loss=0.659078 | ry_loss=0.228564 | train_final_ap=skip | train_red_ap=skip | train_suspicious_ap=skip | train_ry_ap=skip | es_final_ap=0.597123 | es_red_ap=0.597123 | es_suspicious_ap=0.483212 | es_ry_ap=0.968989
2026-03-25 18:08:09 | INFO | Fold 3 | epoch 14 | total_loss=0.870366 | red_loss=0.426557 | suspicious_loss=0.654238 | ry_loss=0.224403 | train_final_ap=skip | train_red_ap=skip | train_suspicious_ap=skip | train_ry_ap=skip | es_final_ap=0.591842 | es_red_ap=0.591842 | es_suspicious_ap=0.484293 | es_ry_ap=0.969029
2026-03-25 18:10:13 | INFO | Fold 3 | epoch 15 | total_loss=0.859374 | red_loss=0.420736 | suspicious_loss=0.650533 | ry_loss=0.219534 | train_final_ap=0.612686 | train_red_ap=0.612686 | train_suspicious_ap=0.492969 | train_ry_ap=0.981110 | es_final_ap=0.594980 | es_red_ap=0.594980 | es_suspicious_ap=0.485726 | es_ry_ap=0.969828
2026-03-25 18:11:36 | INFO | Fold 3 | epoch 16 | total_loss=0.847818 | red_loss=0.413575 | suspicious_loss=0.645075 | ry_loss=0.215464 | train_final_ap=skip | train_red_ap=skip | train_suspicious_ap=skip | train_ry_ap=skip | es_final_ap=0.586963 | es_red_ap=0.586963 | es_suspicious_ap=0.482030 | es_ry_ap=0.968294
2026-03-25 18:13:00 | INFO | Fold 3 | epoch 17 | total_loss=0.841889 | red_loss=0.411472 | suspicious_loss=0.641412 | ry_loss=0.212484 | train_final_ap=skip | train_red_ap=skip | train_suspicious_ap=skip | train_ry_ap=skip | es_final_ap=0.600705 | es_red_ap=0.600705 | es_suspicious_ap=0.484729 | es_ry_ap=0.970239
2026-03-25 18:15:04 | INFO | Fold 3 | epoch 18 | total_loss=0.830746 | red_loss=0.402297 | suspicious_loss=0.639800 | ry_loss=0.209107 | train_final_ap=0.622890 | train_red_ap=0.622890 | train_suspicious_ap=0.500448 | train_ry_ap=0.983936 | es_final_ap=0.599119 | es_red_ap=0.599119 | es_suspicious_ap=0.490334 | es_ry_ap=0.970753
2026-03-25 18:16:28 | INFO | Fold 3 | epoch 19 | total_loss=0.821411 | red_loss=0.400113 | suspicious_loss=0.633835 | ry_loss=0.202399 | train_final_ap=skip | train_red_ap=skip | train_suspicious_ap=skip | train_ry_ap=skip | es_final_ap=0.596622 | es_red_ap=0.596622 | es_suspicious_ap=0.489423 | es_ry_ap=0.970241
2026-03-25 18:17:51 | INFO | Fold 3 | epoch 20 | total_loss=0.808828 | red_loss=0.392001 | suspicious_loss=0.629942 | ry_loss=0.197976 | train_final_ap=skip | train_red_ap=skip | train_suspicious_ap=skip | train_ry_ap=skip | es_final_ap=0.597700 | es_red_ap=0.597700 | es_suspicious_ap=0.491929 | es_ry_ap=0.968962
2026-03-25 18:19:56 | INFO | Fold 3 | epoch 21 | total_loss=0.803660 | red_loss=0.389649 | suspicious_loss=0.626418 | ry_loss=0.195059 | train_final_ap=0.631527 | train_red_ap=0.631527 | train_suspicious_ap=0.504824 | train_ry_ap=0.986116 | es_final_ap=0.594985 | es_red_ap=0.594985 | es_suspicious_ap=0.488699 | es_ry_ap=0.970359
2026-03-25 18:21:19 | INFO | Fold 3 | epoch 22 | total_loss=0.796646 | red_loss=0.385732 | suspicious_loss=0.625679 | ry_loss=0.190568 | train_final_ap=skip | train_red_ap=skip | train_suspicious_ap=skip | train_ry_ap=skip | es_final_ap=0.599367 | es_red_ap=0.599367 | es_suspicious_ap=0.491858 | es_ry_ap=0.968689
2026-03-25 18:22:43 | INFO | Fold 3 | epoch 23 | total_loss=0.787188 | red_loss=0.381318 | suspicious_loss=0.619363 | ry_loss=0.187165 | train_final_ap=skip | train_red_ap=skip | train_suspicious_ap=skip | train_ry_ap=skip | es_final_ap=0.597915 | es_red_ap=0.597915 | es_suspicious_ap=0.491241 | es_ry_ap=0.970333
2026-03-25 18:22:43 | INFO | Fold 3 | early stopping at epoch 23 by final AP
2026-03-25 18:24:27 | INFO | Fold 3 | best_epoch=17 | train_final_ap=0.619874 | train_red_ap=0.619874 | train_suspicious_ap=0.496646 | train_ry_ap=0.982069 | eval_final_ap=0.104496 | eval_red_ap=0.104496 | eval_suspicious_ap=0.070793 | eval_ry_ap=0.970239 | es_final_ap=0.600705 | es_red_ap=0.600705 | es_suspicious_ap=0.484729 | es_ry_ap=0.970239
2026-03-25 18:25:54 | INFO | Fold 4 category encoding built on visible history rows=164041799
2026-03-25 18:25:54 | INFO | Fold 4 cat=event_desc | raw_dtype=uint8 | mode=embedding | fit_unique=154 | non_padding_card=155 | total_card=156 | unk_rate_all=0.000075
2026-03-25 18:25:54 | INFO | Fold 4 cat=event_type_nm | raw_dtype=uint8 | mode=one_hot | fit_unique=17 | non_padding_card=18 | total_card=19 | unk_rate_all=0.000000
2026-03-25 18:25:54 | INFO | Fold 4 cat=channel_indicator_type | raw_dtype=uint8 | mode=one_hot | fit_unique=8 | non_padding_card=9 | total_card=10 | unk_rate_all=0.000000
2026-03-25 18:25:54 | INFO | Fold 4 cat=channel_indicator_sub_type | raw_dtype=uint8 | mode=one_hot | fit_unique=21 | non_padding_card=22 | total_card=23 | unk_rate_all=0.000000
2026-03-25 18:25:54 | INFO | Fold 4 cat=mcc_code | raw_dtype=uint8 | mode=one_hot | fit_unique=21 | non_padding_card=22 | total_card=23 | unk_rate_all=0.000000
2026-03-25 18:25:54 | INFO | Fold 4 cat=pos_cd | raw_dtype=uint8 | mode=one_hot | fit_unique=29 | non_padding_card=30 | total_card=31 | unk_rate_all=0.000000
2026-03-25 18:25:54 | INFO | Fold 4 cat=currency_iso_cd | raw_dtype=uint8 | mode=one_hot | fit_unique=26 | non_padding_card=27 | total_card=28 | unk_rate_all=0.000000
2026-03-25 18:25:54 | INFO | Fold 4 cat=browser_language | raw_dtype=uint8 | mode=one_hot | fit_unique=3 | non_padding_card=4 | total_card=5 | unk_rate_all=0.000000
2026-03-25 18:25:54 | INFO | Fold 4 cat=timezone | raw_dtype=uint16 | mode=embedding | fit_unique=8288 | non_padding_card=8289 | total_card=8290 | unk_rate_all=0.000000
2026-03-25 18:25:54 | INFO | Fold 4 cat=operating_system_type | raw_dtype=uint8 | mode=one_hot | fit_unique=13 | non_padding_card=14 | total_card=15 | unk_rate_all=0.000000
2026-03-25 18:25:54 | INFO | Fold 4 cat=developer_tools | raw_dtype=uint8 | mode=one_hot | fit_unique=3 | non_padding_card=4 | total_card=5 | unk_rate_all=0.000000
2026-03-25 18:25:54 | INFO | Fold 4 cat=phone_voip_call_state | raw_dtype=uint8 | mode=one_hot | fit_unique=3 | non_padding_card=4 | total_card=5 | unk_rate_all=0.000000
2026-03-25 18:25:54 | INFO | Fold 4 cat=web_rdp_connection | raw_dtype=uint8 | mode=one_hot | fit_unique=3 | non_padding_card=4 | total_card=5 | unk_rate_all=0.000000
2026-03-25 18:25:54 | INFO | Fold 4 cat=compromised | raw_dtype=uint8 | mode=one_hot | fit_unique=5 | non_padding_card=6 | total_card=7 | unk_rate_all=0.000000
2026-03-25 18:25:54 | INFO | Fold 4 cat=accept_lang_primary | raw_dtype=uint64 | mode=embedding | fit_unique=67 | non_padding_card=68 | total_card=69 | unk_rate_all=0.000000
2026-03-25 18:25:57 | INFO | Fold 4 | train_rows=1651222 eval_rows=12575998 es_rows=641462 | train_red=17304 train_yellow=17131 train_suspicious=34435 | epochs=50 early_stopping=True
2026-03-25 18:27:24 | INFO | Fold 4 | epoch 1 | total_loss=1.403626 | red_loss=0.731876 | suspicious_loss=0.947913 | ry_loss=0.386742 | train_final_ap=skip | train_red_ap=skip | train_suspicious_ap=skip | train_ry_ap=skip | es_final_ap=0.530186 | es_red_ap=0.530186 | es_suspicious_ap=0.357987 | es_ry_ap=0.959282
2026-03-25 18:28:52 | INFO | Fold 4 | epoch 2 | total_loss=1.121096 | red_loss=0.564505 | suspicious_loss=0.808639 | ry_loss=0.296700 | train_final_ap=skip | train_red_ap=skip | train_suspicious_ap=skip | train_ry_ap=skip | es_final_ap=0.542268 | es_red_ap=0.542268 | es_suspicious_ap=0.394053 | es_ry_ap=0.963044
2026-03-25 18:31:04 | INFO | Fold 4 | epoch 3 | total_loss=1.053677 | red_loss=0.526781 | suspicious_loss=0.767526 | ry_loss=0.280274 | train_final_ap=0.537889 | train_red_ap=0.537889 | train_suspicious_ap=0.407958 | train_ry_ap=0.961560 | es_final_ap=0.553593 | es_red_ap=0.553593 | es_suspicious_ap=0.421491 | es_ry_ap=0.965444
2026-03-25 18:32:31 | INFO | Fold 4 | epoch 4 | total_loss=1.009596 | red_loss=0.503135 | suspicious_loss=0.736712 | ry_loss=0.268904 | train_final_ap=skip | train_red_ap=skip | train_suspicious_ap=skip | train_ry_ap=skip | es_final_ap=0.575472 | es_red_ap=0.575472 | es_suspicious_ap=0.449545 | es_ry_ap=0.967530
2026-03-25 18:33:59 | INFO | Fold 4 | epoch 5 | total_loss=0.976560 | red_loss=0.484062 | suspicious_loss=0.715233 | ry_loss=0.263040 | train_final_ap=skip | train_red_ap=skip | train_suspicious_ap=skip | train_ry_ap=skip | es_final_ap=0.595510 | es_red_ap=0.595510 | es_suspicious_ap=0.472231 | es_ry_ap=0.968817
2026-03-25 18:36:10 | INFO | Fold 4 | epoch 6 | total_loss=0.953596 | red_loss=0.472754 | suspicious_loss=0.696971 | ry_loss=0.257185 | train_final_ap=0.583096 | train_red_ap=0.583096 | train_suspicious_ap=0.455084 | train_ry_ap=0.968078 | es_final_ap=0.601253 | es_red_ap=0.601253 | es_suspicious_ap=0.477680 | es_ry_ap=0.969062
2026-03-25 18:37:37 | INFO | Fold 4 | epoch 7 | total_loss=0.932325 | red_loss=0.459516 | suspicious_loss=0.687609 | ry_loss=0.251484 | train_final_ap=skip | train_red_ap=skip | train_suspicious_ap=skip | train_ry_ap=skip | es_final_ap=0.609113 | es_red_ap=0.609113 | es_suspicious_ap=0.479348 | es_ry_ap=0.970249
2026-03-25 18:39:05 | INFO | Fold 4 | epoch 8 | total_loss=0.916431 | red_loss=0.451464 | suspicious_loss=0.678212 | ry_loss=0.245281 | train_final_ap=skip | train_red_ap=skip | train_suspicious_ap=skip | train_ry_ap=skip | es_final_ap=0.614212 | es_red_ap=0.614212 | es_suspicious_ap=0.489738 | es_ry_ap=0.971176
2026-03-25 18:41:17 | INFO | Fold 4 | epoch 9 | total_loss=0.903394 | red_loss=0.443071 | suspicious_loss=0.670505 | ry_loss=0.242758 | train_final_ap=0.593844 | train_red_ap=0.593844 | train_suspicious_ap=0.468122 | train_ry_ap=0.971616 | es_final_ap=0.612718 | es_red_ap=0.612718 | es_suspicious_ap=0.490893 | es_ry_ap=0.970970
2026-03-25 18:42:45 | INFO | Fold 4 | epoch 10 | total_loss=0.889501 | red_loss=0.435541 | suspicious_loss=0.665248 | ry_loss=0.237071 | train_final_ap=skip | train_red_ap=skip | train_suspicious_ap=skip | train_ry_ap=skip | es_final_ap=0.619667 | es_red_ap=0.619667 | es_suspicious_ap=0.497564 | es_ry_ap=0.972084
2026-03-25 18:44:12 | INFO | Fold 4 | epoch 11 | total_loss=0.880033 | red_loss=0.431436 | suspicious_loss=0.658943 | ry_loss=0.234902 | train_final_ap=skip | train_red_ap=skip | train_suspicious_ap=skip | train_ry_ap=skip | es_final_ap=0.621177 | es_red_ap=0.621177 | es_suspicious_ap=0.500326 | es_ry_ap=0.971848
2026-03-25 18:46:24 | INFO | Fold 4 | epoch 12 | total_loss=0.870622 | red_loss=0.424327 | suspicious_loss=0.654687 | ry_loss=0.232284 | train_final_ap=0.600748 | train_red_ap=0.600748 | train_suspicious_ap=0.477395 | train_ry_ap=0.974471 | es_final_ap=0.616847 | es_red_ap=0.616847 | es_suspicious_ap=0.497307 | es_ry_ap=0.973543
2026-03-25 18:47:51 | INFO | Fold 4 | epoch 13 | total_loss=0.859284 | red_loss=0.418234 | suspicious_loss=0.649283 | ry_loss=0.226523 | train_final_ap=skip | train_red_ap=skip | train_suspicious_ap=skip | train_ry_ap=skip | es_final_ap=0.627222 | es_red_ap=0.627222 | es_suspicious_ap=0.503839 | es_ry_ap=0.974090
2026-03-25 18:49:18 | INFO | Fold 4 | epoch 14 | total_loss=0.850931 | red_loss=0.412571 | suspicious_loss=0.646352 | ry_loss=0.223652 | train_final_ap=skip | train_red_ap=skip | train_suspicious_ap=skip | train_ry_ap=skip | es_final_ap=0.621856 | es_red_ap=0.621856 | es_suspicious_ap=0.498285 | es_ry_ap=0.973865
2026-03-25 18:51:30 | INFO | Fold 4 | epoch 15 | total_loss=0.842460 | red_loss=0.409135 | suspicious_loss=0.641480 | ry_loss=0.219639 | train_final_ap=0.617750 | train_red_ap=0.617750 | train_suspicious_ap=0.486614 | train_ry_ap=0.977104 | es_final_ap=0.629667 | es_red_ap=0.629667 | es_suspicious_ap=0.502741 | es_ry_ap=0.974643
2026-03-25 18:52:58 | INFO | Fold 4 | epoch 16 | total_loss=0.835453 | red_loss=0.404346 | suspicious_loss=0.637896 | ry_loss=0.217706 | train_final_ap=skip | train_red_ap=skip | train_suspicious_ap=skip | train_ry_ap=skip | es_final_ap=0.625051 | es_red_ap=0.625051 | es_suspicious_ap=0.505411 | es_ry_ap=0.974771
2026-03-25 18:54:25 | INFO | Fold 4 | epoch 17 | total_loss=0.826667 | red_loss=0.399900 | suspicious_loss=0.635517 | ry_loss=0.213178 | train_final_ap=skip | train_red_ap=skip | train_suspicious_ap=skip | train_ry_ap=skip | es_final_ap=0.629882 | es_red_ap=0.629882 | es_suspicious_ap=0.508807 | es_ry_ap=0.975260
2026-03-25 18:56:36 | INFO | Fold 4 | epoch 18 | total_loss=0.818353 | red_loss=0.394661 | suspicious_loss=0.631758 | ry_loss=0.209172 | train_final_ap=0.616039 | train_red_ap=0.616039 | train_suspicious_ap=0.498260 | train_ry_ap=0.980080 | es_final_ap=0.622948 | es_red_ap=0.622948 | es_suspicious_ap=0.511014 | es_ry_ap=0.975030
2026-03-25 18:58:04 | INFO | Fold 4 | epoch 19 | total_loss=0.809693 | red_loss=0.389900 | suspicious_loss=0.627341 | ry_loss=0.207490 | train_final_ap=skip | train_red_ap=skip | train_suspicious_ap=skip | train_ry_ap=skip | es_final_ap=0.628265 | es_red_ap=0.628265 | es_suspicious_ap=0.510258 | es_ry_ap=0.974776
2026-03-25 18:59:31 | INFO | Fold 4 | epoch 20 | total_loss=0.799639 | red_loss=0.383441 | suspicious_loss=0.624644 | ry_loss=0.202786 | train_final_ap=skip | train_red_ap=skip | train_suspicious_ap=skip | train_ry_ap=skip | es_final_ap=0.628648 | es_red_ap=0.628648 | es_suspicious_ap=0.510375 | es_ry_ap=0.974753
2026-03-25 19:01:43 | INFO | Fold 4 | epoch 21 | total_loss=0.794285 | red_loss=0.380984 | suspicious_loss=0.620484 | ry_loss=0.200460 | train_final_ap=0.630411 | train_red_ap=0.630411 | train_suspicious_ap=0.503961 | train_ry_ap=0.982257 | es_final_ap=0.632433 | es_red_ap=0.632433 | es_suspicious_ap=0.514213 | es_ry_ap=0.975385
2026-03-25 19:03:11 | INFO | Fold 4 | epoch 22 | total_loss=0.785630 | red_loss=0.376740 | suspicious_loss=0.617765 | ry_loss=0.196263 | train_final_ap=skip | train_red_ap=skip | train_suspicious_ap=skip | train_ry_ap=skip | es_final_ap=0.630022 | es_red_ap=0.630022 | es_suspicious_ap=0.513801 | es_ry_ap=0.974981
2026-03-25 19:04:38 | INFO | Fold 4 | epoch 23 | total_loss=0.777491 | red_loss=0.370453 | suspicious_loss=0.616287 | ry_loss=0.192705 | train_final_ap=skip | train_red_ap=skip | train_suspicious_ap=skip | train_ry_ap=skip | es_final_ap=0.627389 | es_red_ap=0.627389 | es_suspicious_ap=0.510942 | es_ry_ap=0.975243
2026-03-25 19:06:51 | INFO | Fold 4 | epoch 24 | total_loss=0.769006 | red_loss=0.366061 | suspicious_loss=0.613244 | ry_loss=0.187667 | train_final_ap=0.634769 | train_red_ap=0.634769 | train_suspicious_ap=0.503735 | train_ry_ap=0.984315 | es_final_ap=0.627171 | es_red_ap=0.627171 | es_suspicious_ap=0.508786 | es_ry_ap=0.975833
2026-03-25 19:08:19 | INFO | Fold 4 | epoch 25 | total_loss=0.765811 | red_loss=0.366502 | suspicious_loss=0.609654 | ry_loss=0.184540 | train_final_ap=skip | train_red_ap=skip | train_suspicious_ap=skip | train_ry_ap=skip | es_final_ap=0.630947 | es_red_ap=0.630947 | es_suspicious_ap=0.512349 | es_ry_ap=0.975374
2026-03-25 19:09:47 | INFO | Fold 4 | epoch 26 | total_loss=0.756936 | red_loss=0.360615 | suspicious_loss=0.606438 | ry_loss=0.181059 | train_final_ap=skip | train_red_ap=skip | train_suspicious_ap=skip | train_ry_ap=skip | es_final_ap=0.632301 | es_red_ap=0.632301 | es_suspicious_ap=0.514857 | es_ry_ap=0.974102
2026-03-25 19:11:59 | INFO | Fold 4 | epoch 27 | total_loss=0.748191 | red_loss=0.354922 | suspicious_loss=0.602541 | ry_loss=0.178693 | train_final_ap=0.636900 | train_red_ap=0.636900 | train_suspicious_ap=0.511906 | train_ry_ap=0.986837 | es_final_ap=0.629422 | es_red_ap=0.629422 | es_suspicious_ap=0.515291 | es_ry_ap=0.974493
2026-03-25 19:11:59 | INFO | Fold 4 | early stopping at epoch 27 by final AP
2026-03-25 19:13:47 | INFO | Fold 4 | best_epoch=21 | train_final_ap=0.630411 | train_red_ap=0.630411 | train_suspicious_ap=0.503961 | train_ry_ap=0.982257 | eval_final_ap=0.114472 | eval_red_ap=0.114472 | eval_suspicious_ap=0.080372 | eval_ry_ap=0.975385 | es_final_ap=0.632433 | es_red_ap=0.632433 | es_suspicious_ap=0.514213 | es_ry_ap=0.975385
2026-03-25 19:14:45 | INFO | Finished successfully.
2026-03-25 19:14:45 | INFO | OOF final AP: 0.107384
2026-03-25 19:14:45 | INFO | OOF red AP: 0.107384
2026-03-25 19:14:45 | INFO | OOF suspicious AP: 0.072229
2026-03-25 19:14:45 | INFO | OOF RY AP: 0.971135
2026-03-25 19:14:45 | INFO | Mean fold final AP: 0.107707
2026-03-25 19:14:45 | INFO | Mean fold red AP: 0.107707
2026-03-25 19:14:45 | INFO | Mean fold suspicious AP: 0.072867
2026-03-25 19:14:45 | INFO | Mean fold RY AP: 0.971286
2026-03-25 19:14:45 | INFO | Mean fold ES final AP: 0.607080
2026-03-25 19:14:45 | INFO | Mean fold ES red AP: 0.607080
2026-03-25 19:14:45 | INFO | Mean fold ES suspicious AP: 0.487587
2026-03-25 19:14:45 | INFO | Mean fold ES RY AP: 0.971286
2026-03-25 19:14:45 | INFO | Saved CV submission CSV to: ../runs/train_last_n_pooling_demo/v3/2026-03-25/15-33-31/submission_cv_ensemble.csv
2026-03-25 19:14:45 | INFO | Results saved to: ../runs/train_last_n_pooling_demo/v3/2026-03-25/15-33-31
